{"/Users/andrevrcoelho/Documents/GitHub/react-native-hook-notification/src/main/index.tsx": {"path":"/Users/andrevrcoelho/Documents/GitHub/react-native-hook-notification/src/main/index.tsx","statementMap":{},"fnMap":{},"branchMap":{},"s":{},"f":{},"b":{}}
,"/Users/andrevrcoelho/Documents/GitHub/react-native-hook-notification/src/presentation/components/Container/index.tsx": {"path":"/Users/andrevrcoelho/Documents/GitHub/react-native-hook-notification/src/presentation/components/Container/index.tsx","statementMap":{"0":{"start":{"line":3,"column":18},"end":{"line":10,"column":1}},"1":{"start":{"line":4,"column":14},"end":{"line":4,"column":26}},"2":{"start":{"line":5,"column":2},"end":{"line":7,"column":10}},"3":{"start":{"line":6,"column":4},"end":{"line":6,"column":14}},"4":{"start":{"line":9,"column":2},"end":{"line":9,"column":17}}},"fnMap":{"0":{"name":"(anonymous_0)","decl":{"start":{"line":3,"column":18},"end":{"line":3,"column":19}},"loc":{"start":{"line":3,"column":37},"end":{"line":10,"column":1}},"line":3},"1":{"name":"(anonymous_1)","decl":{"start":{"line":5,"column":12},"end":{"line":5,"column":13}},"loc":{"start":{"line":5,"column":18},"end":{"line":7,"column":3}},"line":5}},"branchMap":{"0":{"loc":{"start":{"line":6,"column":4},"end":{"line":6,"column":13}},"type":"cond-expr","locations":[{"start":{"line":6,"column":8},"end":{"line":6,"column":9}},{"start":{"line":6,"column":12},"end":{"line":6,"column":13}}],"line":6}},"s":{"0":1,"1":1,"2":1,"3":1,"4":1},"f":{"0":1,"1":1},"b":{"0":[0,1]},"_coverageSchema":"1a1c01bbd47fc00a2c39e90264f33305004495a9","hash":"004dcd03b201c3f0db5fbc8ac33a9732eefe10cc"}
,"/Users/andrevrcoelho/Documents/GitHub/react-native-hook-notification/src/presentation/components/Notifications/index.tsx": {"path":"/Users/andrevrcoelho/Documents/GitHub/react-native-hook-notification/src/presentation/components/Notifications/index.tsx","statementMap":{},"fnMap":{},"branchMap":{},"s":{},"f":{},"b":{}}
}
